<?xml version="1.0" encoding="UTF-8"?>
<!-- Generated by org.testng.reporters.JUnitReportReporter -->
<testsuite hostname="Krishnadass-MacBook-Pro.local" failures="0" tests="2" name="testcases.GuestPurchaseOrderTest" time="36.441" errors="0" timestamp="30 Oct 2018 04:15:56 GMT" skipped="0">
  <testcase classname="testcases.GuestPurchaseOrderTest" name="signInPageVerification" time="21.326"/>
  <testcase classname="testcases.GuestPurchaseOrderTest" name="signInPageVerification" time="15.115"/>
</testsuite> <!-- testcases.GuestPurchaseOrderTest -->
