<?xml version="1.0" encoding="UTF-8"?>
<!-- Generated by org.testng.reporters.JUnitReportReporter -->
<testsuite hostname="Krishnadass-MacBook-Pro.local" failures="0" tests="1" name="com.RBCProject.test.TC001_AmznKndlOrderTest" time="26.265" errors="0" timestamp="23 Oct 2018 01:58:30 GMT" skipped="0">
  <testcase classname="com.RBCProject.test.TC001_AmznKndlOrderTest" name="baseTC001" time="26.265"/>
</testsuite> <!-- com.RBCProject.test.TC001_AmznKndlOrderTest -->
