<?xml version="1.0" encoding="UTF-8"?>
<!-- Generated by org.testng.reporters.JUnitReportReporter -->
<testsuite hostname="Krishnadass-MacBook-Pro.local" failures="0" tests="2" name="testcases.GuestPurchaseOrderTest" time="43.423" errors="0" timestamp="28 Oct 2018 05:05:15 GMT" skipped="0">
  <testcase classname="testcases.GuestPurchaseOrderTest" name="signInPageVerification" time="25.677"/>
  <testcase classname="testcases.GuestPurchaseOrderTest" name="signInPageVerification" time="17.746"/>
</testsuite> <!-- testcases.GuestPurchaseOrderTest -->
