<?xml version="1.0" encoding="UTF-8"?>
<!-- Generated by org.testng.reporters.JUnitReportReporter -->
<testsuite hostname="Krishnadass-MacBook-Pro.local" failures="0" tests="1" name="com.RBCProject.app.TC001_AmznKndlOrderTest" time="27.983" errors="0" timestamp="18 Oct 2018 04:25:30 GMT" skipped="0">
  <testcase classname="com.RBCProject.app.TC001_AmznKndlOrderTest" name="TC001" time="27.983"/>
</testsuite> <!-- com.RBCProject.app.TC001_AmznKndlOrderTest -->
