<?xml version="1.0" encoding="UTF-8"?>
<!-- Generated by org.testng.reporters.JUnitReportReporter -->
<testsuite hostname="Krishnadass-MacBook-Pro.local" failures="0" tests="1" name="com.RBCProject.test.TC001_AmznKndlOrderTest" time="29.965" errors="0" timestamp="21 Oct 2018 20:10:55 GMT" skipped="0">
  <testcase classname="com.RBCProject.test.TC001_AmznKndlOrderTest" name="TC001base" time="29.965"/>
</testsuite> <!-- com.RBCProject.test.TC001_AmznKndlOrderTest -->
