<?xml version="1.0" encoding="UTF-8"?>
<!-- Generated by org.testng.reporters.JUnitReportReporter -->
<testsuite hostname="Krishnadass-MacBook-Pro.local" failures="0" tests="1" name="testCases.GuestSignInVerificationTest" time="43.974" errors="0" timestamp="27 Oct 2018 17:00:40 GMT" skipped="0">
  <testcase classname="testCases.GuestSignInVerificationTest" name="test_verifyEmailOrPhoneNoOnSignInPageForGuestUser" time="43.974"/>
</testsuite> <!-- testCases.GuestSignInVerificationTest -->
