<?xml version="1.0" encoding="UTF-8"?>
<!-- Generated by org.testng.reporters.JUnitReportReporter -->
<testsuite hostname="Krishnadass-MacBook-Pro.local" failures="0" tests="2" name="testcases.GuestPurchaseOrderTest" time="47.126" errors="0" timestamp="29 Oct 2018 03:49:38 GMT" skipped="0">
  <testcase classname="testcases.GuestPurchaseOrderTest" name="signInPageVerification" time="28.396"/>
  <testcase classname="testcases.GuestPurchaseOrderTest" name="signInPageVerification" time="18.730"/>
</testsuite> <!-- testcases.GuestPurchaseOrderTest -->
