<?xml version="1.0" encoding="UTF-8"?>
<!-- Generated by org.testng.reporters.JUnitReportReporter -->
<testsuite hostname="Krishnadass-MacBook-Pro.local" failures="0" tests="2" name="testcases.GuestPurchaseOrderTest" time="31.176" errors="0" timestamp="29 Oct 2018 13:15:17 GMT" skipped="0">
  <testcase classname="testcases.GuestPurchaseOrderTest" name="signInPageVerification" time="13.475"/>
  <testcase classname="testcases.GuestPurchaseOrderTest" name="signInPageVerification" time="17.701"/>
</testsuite> <!-- testcases.GuestPurchaseOrderTest -->
