<?xml version="1.0" encoding="UTF-8"?>
<!-- Generated by org.testng.reporters.JUnitReportReporter -->
<testsuite hostname="Krishnadass-MacBook-Pro.local" failures="0" tests="2" name="testcases.GuestPurchaseOrderTest" time="56.893" errors="0" timestamp="29 Oct 2018 01:54:20 GMT" skipped="0">
  <testcase classname="testcases.GuestPurchaseOrderTest" name="signInPageVerification" time="40.206"/>
  <testcase classname="testcases.GuestPurchaseOrderTest" name="signInPageVerification" time="16.687"/>
</testsuite> <!-- testcases.GuestPurchaseOrderTest -->
